From https://github.com/Tanish-pat/vr_project
 * branch            main       -> FETCH_HEAD
Already up to date.
[main c58b3e0] Auto commit: 2025-04-30 18:29:13
 9 files changed, 555 insertions(+)
 create mode 100644 git_sync.log
 create mode 100644 vqa_dataset/21R+qgMMLFL.json
 create mode 100644 vqa_dataset/4156kx+auKL.json
 create mode 100644 vqa_dataset/61QhEagNFqL.json
 create mode 100644 vqa_dataset/61r2SHIyXNL.json
 create mode 100644 vqa_dataset/81pIB0zQYGL.json
 create mode 100644 vqa_dataset/81xRs0f42SL.json
 create mode 100644 vqa_dataset/91ab2DM0pWL.json
 create mode 100644 vqa_dataset/91yQFrZPR4L.json
To https://github.com/Tanish-pat/vr_project.git
   5f2b3ca..c58b3e0  main -> main
From https://github.com/Tanish-pat/vr_project
 * branch            main       -> FETCH_HEAD
Already up to date.
[main 8fe0421] Auto commit: 2025-04-30 18:30:57
 12 files changed, 775 insertions(+)
 create mode 100644 vqa_dataset/51Gz3CYtjXL.json
 create mode 100644 vqa_dataset/51QP0RJd6ML.json
 create mode 100644 vqa_dataset/61OVbie6ijL.json
 create mode 100644 vqa_dataset/71Hj1naZFFL.json
 create mode 100644 vqa_dataset/71hkR4xz61L.json
 create mode 100644 vqa_dataset/71zOXCXhVEL.json
 create mode 100644 vqa_dataset/811EkSlS5ZL.json
 create mode 100644 vqa_dataset/81STH8XH2EL.json
 create mode 100644 vqa_dataset/81WgyniTpUL.json
 create mode 100644 vqa_dataset/81woKnqcoVL.json
 create mode 100644 vqa_dataset/91YdNC1agpL.json
To https://github.com/Tanish-pat/vr_project.git
   c58b3e0..8fe0421  main -> main
From https://github.com/Tanish-pat/vr_project
 * branch            main       -> FETCH_HEAD
Already up to date.
[main 8e17317] Auto commit: 2025-04-30 18:34:20
 17 files changed, 1122 insertions(+)
 create mode 100644 vqa_dataset/31QqMPdFcbL.json
 create mode 100644 vqa_dataset/51lMeo1srdL.json
 create mode 100644 vqa_dataset/61B5U8GMiCL.json
 create mode 100644 vqa_dataset/717Le6fWQcL.json
 create mode 100644 vqa_dataset/717rp2Z6oEL.json
 create mode 100644 vqa_dataset/71E2NatjsSL.json
 create mode 100644 vqa_dataset/71qUVPxtCaL.json
 create mode 100644 vqa_dataset/71r5bjlhhlL.json
 create mode 100644 vqa_dataset/81-hXSqvQHL.json
 create mode 100644 vqa_dataset/81UF4vvJgoL.json
 create mode 100644 vqa_dataset/81WftLzYO0L.json
 create mode 100644 vqa_dataset/81Z4YKZIR-L.json
 create mode 100644 vqa_dataset/81ZsD3GAnSL.json
 create mode 100644 vqa_dataset/81kcnQ-3npL.json
 create mode 100644 vqa_dataset/81yj9542KIL.json
 create mode 100644 vqa_dataset/91lpSIhXLuL.json
To https://github.com/Tanish-pat/vr_project.git
   8fe0421..8e17317  main -> main
fatal: could not read Username for 'https://github.com': No such device or address
[main 2a11fbc] Auto commit: 2025-04-30 19:00:02
 164 files changed, 11268 insertions(+)
 create mode 100644 vqa_dataset/21D+zuXdbsL.json
 create mode 100644 vqa_dataset/21bibxnEg3L.json
 create mode 100644 vqa_dataset/21qOL+t-NNL.json
 create mode 100644 vqa_dataset/31MfPCDiFAL.json
 create mode 100644 vqa_dataset/31jhrdh7lWL.json
 create mode 100644 vqa_dataset/31uEmW9AovL.json
 create mode 100644 vqa_dataset/41GTb2RCMYL.json
 create mode 100644 vqa_dataset/41LZ6U6et0L.json
 create mode 100644 vqa_dataset/41b-VjYt90L.json
 create mode 100644 vqa_dataset/41eADjbGmXL.json
 create mode 100644 vqa_dataset/41iwjPAHd7L.json
 create mode 100644 vqa_dataset/51-xu+llzJL.json
 create mode 100644 vqa_dataset/51Aq5FSNNCL.json
 create mode 100644 vqa_dataset/51IEUHbeUNL.json
 create mode 100644 vqa_dataset/51imYB8TCuL.json
 create mode 100644 vqa_dataset/51lmSvbHhlL.json
 create mode 100644 vqa_dataset/51m+1mvEpYL.json
 create mode 100644 vqa_dataset/51n4d7p8Y8L.json
 create mode 100644 vqa_dataset/614RMRFsBYL.json
 create mode 100644 vqa_dataset/614Rzbkwl-L.json
 create mode 100644 vqa_dataset/615BDCrRkFL.json
 create mode 100644 vqa_dataset/618s-MA9OSL.json
 create mode 100644 vqa_dataset/61A9+9RgkRL.json
 create mode 100644 vqa_dataset/61Af93GqF3L.json
 create mode 100644 vqa_dataset/61BBRZ4p5uL.json
 create mode 100644 vqa_dataset/61MlUQQB0XL.json
 create mode 100644 vqa_dataset/61QHd1oh0jL.json
 create mode 100644 vqa_dataset/61VNmNxlaIL.json
 create mode 100644 vqa_dataset/61Vtt1-EpHL.json
 create mode 100644 vqa_dataset/61cxYzhB-lL.json
 create mode 100644 vqa_dataset/61duQ7zjfNL.json
 create mode 100644 vqa_dataset/61rYMojeqWL.json
 create mode 100644 vqa_dataset/61rvl9hsSqL.json
 create mode 100644 vqa_dataset/61sr8Xw-ReL.json
 create mode 100644 vqa_dataset/61v+csZWMmL.json
 create mode 100644 vqa_dataset/61wP-NdyCdL.json
 create mode 100644 vqa_dataset/61x42M6jdNL.json
 create mode 100644 vqa_dataset/61zgZtG7kwL.json
 create mode 100644 vqa_dataset/71+JsGXuCnL.json
 create mode 100644 vqa_dataset/710IVeOjA+L.json
 create mode 100644 vqa_dataset/710yEN5-2FL.json
 create mode 100644 vqa_dataset/711HvGwJtpL.json
 create mode 100644 vqa_dataset/711u0K8zZpL.json
 create mode 100644 vqa_dataset/713vKyXiatL.json
 create mode 100644 vqa_dataset/715oOx1c3FL.json
 create mode 100644 vqa_dataset/718StcNMDvL.json
 create mode 100644 vqa_dataset/7196xOcFO6L.json
 create mode 100644 vqa_dataset/71B4TceL+DL.json
 create mode 100644 vqa_dataset/71Ca23byPAL.json
 create mode 100644 vqa_dataset/71DTf-3JcSL.json
 create mode 100644 vqa_dataset/71DczZzZsjL.json
 create mode 100644 vqa_dataset/71EMkeq9GtL.json
 create mode 100644 vqa_dataset/71EcLHVDKYL.json
 create mode 100644 vqa_dataset/71FelUYvALL.json
 create mode 100644 vqa_dataset/71H-8Q-sDrL.json
 create mode 100644 vqa_dataset/71HSlH1HYqL.json
 create mode 100644 vqa_dataset/71IyhZ0c2JL.json
 create mode 100644 vqa_dataset/71J86kNT1bL.json
 create mode 100644 vqa_dataset/71JMoO6F8fL.json
 create mode 100644 vqa_dataset/71Loai39hbL.json
 create mode 100644 vqa_dataset/71MShtazcjL.json
 create mode 100644 vqa_dataset/71NLSMxvBML.json
 create mode 100644 vqa_dataset/71OT63zbLNL.json
 create mode 100644 vqa_dataset/71PF70vOlkL.json
 create mode 100644 vqa_dataset/71R1EdHqOaL.json
 create mode 100644 vqa_dataset/71Tw6T06Z8L.json
 create mode 100644 vqa_dataset/71VVkiLMT9L.json
 create mode 100644 vqa_dataset/71YIlqHA+SL.json
 create mode 100644 vqa_dataset/71YLe3gQCqL.json
 create mode 100644 vqa_dataset/71aaP7GGuEL.json
 create mode 100644 vqa_dataset/71df5MzhxxL.json
 create mode 100644 vqa_dataset/71dw4WvXRjL.json
 create mode 100644 vqa_dataset/71epMP3Bk6L.json
 create mode 100644 vqa_dataset/71fNHlMO6mL.json
 create mode 100644 vqa_dataset/71fxja7odzL.json
 create mode 100644 vqa_dataset/71hSgRKuAhL.json
 create mode 100644 vqa_dataset/71jPY4SefIL.json
 create mode 100644 vqa_dataset/71ovQYubF8L.json
 create mode 100644 vqa_dataset/71pKOBRffyL.json
 create mode 100644 vqa_dataset/71pfToyzgOL.json
 create mode 100644 vqa_dataset/71r+kAKc5ML.json
 create mode 100644 vqa_dataset/71rEyYBBHxL.json
 create mode 100644 vqa_dataset/71raAKjstbL.json
 create mode 100644 vqa_dataset/71rz+F2KINL.json
 create mode 100644 vqa_dataset/71sPcwMHUOL.json
 create mode 100644 vqa_dataset/71tJjUA-AKL.json
 create mode 100644 vqa_dataset/71tgw0+7NZL.json
 create mode 100644 vqa_dataset/71vb85VhAZL.json
 create mode 100644 vqa_dataset/71vo8omMx5L.json
 create mode 100644 vqa_dataset/71wTLiJOxyL.json
 create mode 100644 vqa_dataset/71wTyEhBdkL.json
 create mode 100644 vqa_dataset/71zalTsWPfL.json
 create mode 100644 vqa_dataset/81+BvYrFYtL.json
 create mode 100644 vqa_dataset/81+a8FovmjL.json
 create mode 100644 vqa_dataset/81-bMxsitKL.json
 create mode 100644 vqa_dataset/816xQjhdemL.json
 create mode 100644 vqa_dataset/819-oScaXHL.json
 create mode 100644 vqa_dataset/819JbyKf5VL.json
 create mode 100644 vqa_dataset/819ecPlXDRL.json
 create mode 100644 vqa_dataset/81AP-0Xi0AL.json
 create mode 100644 vqa_dataset/81AbfSaFJEL.json
 create mode 100644 vqa_dataset/81BUAz5fHuL.json
 create mode 100644 vqa_dataset/81CI35fvfGL.json
 create mode 100644 vqa_dataset/81Cm0oweGpL.json
 create mode 100644 vqa_dataset/81DQL2Jt+ZL.json
 create mode 100644 vqa_dataset/81F4WP93rfL.json
 create mode 100644 vqa_dataset/81FJT4ANrfL.json
 create mode 100644 vqa_dataset/81GI66fwQxL.json
 create mode 100644 vqa_dataset/81H+qeDSq-L.json
 create mode 100644 vqa_dataset/81JrWex39WL.json
 create mode 100644 vqa_dataset/81K1RYz47sL.json
 create mode 100644 vqa_dataset/81LCpGjlrbL.json
 create mode 100644 vqa_dataset/81MeAT91pNL.json
 create mode 100644 vqa_dataset/81Mj3wczYYL.json
 create mode 100644 vqa_dataset/81NlVs226OL.json
 create mode 100644 vqa_dataset/81QLqq2kfRL.json
 create mode 100644 vqa_dataset/81RoHEBnbwL.json
 create mode 100644 vqa_dataset/81UVgklAD2L.json
 create mode 100644 vqa_dataset/81WRKj7bDrL.json
 create mode 100644 vqa_dataset/81YSG1tzxfL.json
 create mode 100644 vqa_dataset/81aD20NtgVL.json
 create mode 100644 vqa_dataset/81aYQvtxNgL.json
 create mode 100644 vqa_dataset/81aitrDaAGL.json
 create mode 100644 vqa_dataset/81ak0eMTJzL.json
 create mode 100644 vqa_dataset/81ezJtmqP0L.json
 create mode 100644 vqa_dataset/81fOHWg040L.json
 create mode 100644 vqa_dataset/81h3OL3KUnL.json
 create mode 100644 vqa_dataset/81l8YazaTvL.json
 create mode 100644 vqa_dataset/81lwGOq8AgL.json
 create mode 100644 vqa_dataset/81oSTW3emfL.json
 create mode 100644 vqa_dataset/81q45mfuszL.json
 create mode 100644 vqa_dataset/81qGWR+WeOL.json
 create mode 100644 vqa_dataset/81tX-qk-HxL.json
 create mode 100644 vqa_dataset/81tabBlxyUL.json
 create mode 100644 vqa_dataset/81u+nJO+6CL.json
 create mode 100644 vqa_dataset/81v9bYl-6hL.json
 create mode 100644 vqa_dataset/81vc-5ggNML.json
 create mode 100644 vqa_dataset/81wMhxmov7L.json
 create mode 100644 vqa_dataset/81xr34RYllL.json
 create mode 100644 vqa_dataset/81yhVtquwyL.json
 create mode 100644 vqa_dataset/81ywAZOoMYL.json
 create mode 100644 vqa_dataset/919Rbk9XPmL.json
 create mode 100644 vqa_dataset/91KmliDdTvL.json
 create mode 100644 vqa_dataset/91MVMZDWu8L.json
 create mode 100644 vqa_dataset/91OOtMWcePL.json
 create mode 100644 vqa_dataset/91RTfv6jfeL.json
 create mode 100644 vqa_dataset/91Ta7Jyt25L.json
 create mode 100644 vqa_dataset/91Uk8I8XRNL.json
 create mode 100644 vqa_dataset/91Wp3of7QWL.json
 create mode 100644 vqa_dataset/91XK2Z65zhL.json
 create mode 100644 vqa_dataset/91Z5gK4hUzL.json
 create mode 100644 vqa_dataset/91aNtcrtlaL.json
 create mode 100644 vqa_dataset/91asIqeI4rL.json
 create mode 100644 vqa_dataset/91bujyPPGLL.json
 create mode 100644 vqa_dataset/91d5+ePC+VL.json
 create mode 100644 vqa_dataset/91giT0goshL.json
 create mode 100644 vqa_dataset/91lF8qCO8yL.json
 create mode 100644 vqa_dataset/91sSFNOKmQL.json
 create mode 100644 vqa_dataset/A13YIjQ+CEL.json
 create mode 100644 vqa_dataset/A14OYFsGgCL.json
 create mode 100644 vqa_dataset/A17N2vs6eBL.json
 create mode 100644 vqa_dataset/A19ybTZSpXL.json
 create mode 100644 vqa_dataset/A1SpYav6ebL.json
fatal: could not read Username for 'https://github.com': No such device or address
fatal: could not read Username for 'https://github.com': No such device or address
